{"C:\\Users\\22ayo\\Desktop\\React\\NamasteReact\\src\\compaonents\\Contact.jsx": {"path":"C:\\Users\\22ayo\\Desktop\\React\\NamasteReact\\src\\compaonents\\Contact.jsx","statementMap":{"0":{"start":{"line":1,"column":16},"end":{"line":36,"column":1}},"1":{"start":{"line":2,"column":2},"end":{"line":35,"column":8}}},"fnMap":{"0":{"name":"(anonymous_0)","decl":{"start":{"line":1,"column":16},"end":{"line":1,"column":17}},"loc":{"start":{"line":2,"column":2},"end":{"line":35,"column":8}},"line":2}},"branchMap":{},"s":{"0":1,"1":4},"f":{"0":4},"b":{},"_coverageSchema":"1a1c01bbd47fc00a2c39e90264f33305004495a9","hash":"9339b196e35616ff6a6f9d8f298b733a5a58c700"}
,"C:\\Users\\22ayo\\Desktop\\React\\NamasteReact\\src\\compaonents\\Header.jsx": {"path":"C:\\Users\\22ayo\\Desktop\\React\\NamasteReact\\src\\compaonents\\Header.jsx","statementMap":{"0":{"start":{"line":8,"column":15},"end":{"line":65,"column":1}},"1":{"start":{"line":9,"column":42},"end":{"line":9,"column":59}},"2":{"start":{"line":10,"column":23},"end":{"line":10,"column":40}},"3":{"start":{"line":11,"column":20},"end":{"line":11,"column":60}},"4":{"start":{"line":11,"column":43},"end":{"line":11,"column":59}},"5":{"start":{"line":12,"column":27},"end":{"line":12,"column":50}},"6":{"start":{"line":14,"column":2},"end":{"line":64,"column":4}},"7":{"start":{"line":52,"column":27},"end":{"line":52,"column":89}}},"fnMap":{"0":{"name":"(anonymous_0)","decl":{"start":{"line":8,"column":15},"end":{"line":8,"column":16}},"loc":{"start":{"line":8,"column":21},"end":{"line":65,"column":1}},"line":8},"1":{"name":"(anonymous_1)","decl":{"start":{"line":11,"column":32},"end":{"line":11,"column":33}},"loc":{"start":{"line":11,"column":43},"end":{"line":11,"column":59}},"line":11},"2":{"name":"(anonymous_2)","decl":{"start":{"line":52,"column":21},"end":{"line":52,"column":22}},"loc":{"start":{"line":52,"column":27},"end":{"line":52,"column":89}},"line":52}},"branchMap":{"0":{"loc":{"start":{"line":22,"column":11},"end":{"line":24,"column":53}},"type":"cond-expr","locations":[{"start":{"line":23,"column":14},"end":{"line":23,"column":69}},{"start":{"line":24,"column":14},"end":{"line":24,"column":53}}],"line":22},"1":{"loc":{"start":{"line":52,"column":43},"end":{"line":52,"column":88}},"type":"cond-expr","locations":[{"start":{"line":52,"column":70},"end":{"line":52,"column":78}},{"start":{"line":52,"column":81},"end":{"line":52,"column":88}}],"line":52},"2":{"loc":{"start":{"line":60,"column":11},"end":{"line":60,"column":34}},"type":"binary-expr","locations":[{"start":{"line":60,"column":11},"end":{"line":60,"column":23}},{"start":{"line":60,"column":27},"end":{"line":60,"column":34}}],"line":60}},"s":{"0":1,"1":4,"2":4,"3":4,"4":7,"5":4,"6":4,"7":1},"f":{"0":4,"1":7,"2":1},"b":{"0":[4,0],"1":[1,0],"2":[4,0]},"_coverageSchema":"1a1c01bbd47fc00a2c39e90264f33305004495a9","hash":"d980a0b6fe75fc58d5a9e5f01d68aec07dc21a09"}
,"C:\\Users\\22ayo\\Desktop\\React\\NamasteReact\\src\\compaonents\\ItemList.jsx": {"path":"C:\\Users\\22ayo\\Desktop\\React\\NamasteReact\\src\\compaonents\\ItemList.jsx","statementMap":{"0":{"start":{"line":5,"column":15},"end":{"line":38,"column":1}},"1":{"start":{"line":6,"column":4},"end":{"line":6,"column":23}},"2":{"start":{"line":7,"column":19},"end":{"line":7,"column":32}},"3":{"start":{"line":9,"column":30},"end":{"line":11,"column":1}},"4":{"start":{"line":10,"column":4},"end":{"line":10,"column":28}},"5":{"start":{"line":15,"column":4},"end":{"line":36,"column":5}},"6":{"start":{"line":18,"column":16},"end":{"line":33,"column":22}},"7":{"start":{"line":29,"column":34},"end":{"line":29,"column":59}}},"fnMap":{"0":{"name":"(anonymous_0)","decl":{"start":{"line":5,"column":15},"end":{"line":5,"column":16}},"loc":{"start":{"line":5,"column":26},"end":{"line":38,"column":1}},"line":5},"1":{"name":"(anonymous_1)","decl":{"start":{"line":9,"column":30},"end":{"line":9,"column":31}},"loc":{"start":{"line":9,"column":38},"end":{"line":11,"column":1}},"line":9},"2":{"name":"(anonymous_2)","decl":{"start":{"line":17,"column":23},"end":{"line":17,"column":24}},"loc":{"start":{"line":18,"column":16},"end":{"line":33,"column":22}},"line":18},"3":{"name":"(anonymous_3)","decl":{"start":{"line":29,"column":30},"end":{"line":29,"column":31}},"loc":{"start":{"line":29,"column":34},"end":{"line":29,"column":59}},"line":29}},"branchMap":{"0":{"loc":{"start":{"line":22,"column":60},"end":{"line":22,"column":119}},"type":"binary-expr","locations":[{"start":{"line":22,"column":60},"end":{"line":22,"column":84}},{"start":{"line":22,"column":88},"end":{"line":22,"column":119}}],"line":22},"1":{"loc":{"start":{"line":25,"column":21},"end":{"line":27,"column":21}},"type":"binary-expr","locations":[{"start":{"line":25,"column":21},"end":{"line":25,"column":47}},{"start":{"line":26,"column":24},"end":{"line":26,"column":112}}],"line":25}},"s":{"0":1,"1":0,"2":0,"3":0,"4":0,"5":0,"6":0,"7":0},"f":{"0":0,"1":0,"2":0,"3":0},"b":{"0":[0,0],"1":[0,0]},"_coverageSchema":"1a1c01bbd47fc00a2c39e90264f33305004495a9","hash":"7e70911430f02141bd5c6018e5f3dd091bf77a48"}
,"C:\\Users\\22ayo\\Desktop\\React\\NamasteReact\\src\\compaonents\\RestaurantCategory.jsx": {"path":"C:\\Users\\22ayo\\Desktop\\React\\NamasteReact\\src\\compaonents\\RestaurantCategory.jsx","statementMap":{"0":{"start":{"line":5,"column":27},"end":{"line":27,"column":1}},"1":{"start":{"line":7,"column":18},"end":{"line":12,"column":1}},"2":{"start":{"line":9,"column":0},"end":{"line":9,"column":15}},"3":{"start":{"line":16,"column":0},"end":{"line":26,"column":1}}},"fnMap":{"0":{"name":"(anonymous_0)","decl":{"start":{"line":5,"column":27},"end":{"line":5,"column":28}},"loc":{"start":{"line":5,"column":64},"end":{"line":27,"column":1}},"line":5},"1":{"name":"(anonymous_1)","decl":{"start":{"line":7,"column":18},"end":{"line":7,"column":19}},"loc":{"start":{"line":7,"column":22},"end":{"line":12,"column":1}},"line":7}},"branchMap":{"0":{"loc":{"start":{"line":23,"column":1},"end":{"line":23,"column":61}},"type":"binary-expr","locations":[{"start":{"line":23,"column":1},"end":{"line":23,"column":10}},{"start":{"line":23,"column":14},"end":{"line":23,"column":61}}],"line":23}},"s":{"0":1,"1":0,"2":0,"3":0},"f":{"0":0,"1":0},"b":{"0":[0,0]},"_coverageSchema":"1a1c01bbd47fc00a2c39e90264f33305004495a9","hash":"6d9c4a798996057e17be7f1046ffec673c7f6e9d"}
,"C:\\Users\\22ayo\\Desktop\\React\\NamasteReact\\src\\compaonents\\RestaurantContainer.jsx": {"path":"C:\\Users\\22ayo\\Desktop\\React\\NamasteReact\\src\\compaonents\\RestaurantContainer.jsx","statementMap":{"0":{"start":{"line":3,"column":28},"end":{"line":39,"column":1}},"1":{"start":{"line":4,"column":2},"end":{"line":4,"column":23}},"2":{"start":{"line":16,"column":6},"end":{"line":16,"column":13}},"3":{"start":{"line":19,"column":19},"end":{"line":19,"column":122}},"4":{"start":{"line":21,"column":2},"end":{"line":38,"column":4}},"5":{"start":{"line":28,"column":10},"end":{"line":28,"column":77}},"6":{"start":{"line":41,"column":32},"end":{"line":52,"column":1}},"7":{"start":{"line":42,"column":2},"end":{"line":51,"column":4}},"8":{"start":{"line":43,"column":4},"end":{"line":50,"column":6}}},"fnMap":{"0":{"name":"(anonymous_0)","decl":{"start":{"line":3,"column":28},"end":{"line":3,"column":29}},"loc":{"start":{"line":3,"column":45},"end":{"line":39,"column":1}},"line":3},"1":{"name":"(anonymous_1)","decl":{"start":{"line":27,"column":17},"end":{"line":27,"column":18}},"loc":{"start":{"line":27,"column":24},"end":{"line":29,"column":9}},"line":27},"2":{"name":"(anonymous_2)","decl":{"start":{"line":41,"column":32},"end":{"line":41,"column":33}},"loc":{"start":{"line":41,"column":57},"end":{"line":52,"column":1}},"line":41},"3":{"name":"(anonymous_3)","decl":{"start":{"line":42,"column":9},"end":{"line":42,"column":10}},"loc":{"start":{"line":42,"column":20},"end":{"line":51,"column":3}},"line":42}},"branchMap":{},"s":{"0":1,"1":1,"2":1,"3":1,"4":1,"5":0,"6":1,"7":0,"8":0},"f":{"0":1,"1":0,"2":0,"3":0},"b":{},"_coverageSchema":"1a1c01bbd47fc00a2c39e90264f33305004495a9","hash":"84a79484980dcc14ed0f5c1202f20763868badcc"}
,"C:\\Users\\22ayo\\Desktop\\React\\NamasteReact\\src\\compaonents\\sum.js": {"path":"C:\\Users\\22ayo\\Desktop\\React\\NamasteReact\\src\\compaonents\\sum.js","statementMap":{"0":{"start":{"line":2,"column":2},"end":{"line":2,"column":15}}},"fnMap":{"0":{"name":"add","decl":{"start":{"line":1,"column":9},"end":{"line":1,"column":12}},"loc":{"start":{"line":1,"column":19},"end":{"line":3,"column":1}},"line":1}},"branchMap":{},"s":{"0":1},"f":{"0":1},"b":{},"_coverageSchema":"1a1c01bbd47fc00a2c39e90264f33305004495a9","hash":"007dad179e209e635470e364caeb98a23335629f"}
,"C:\\Users\\22ayo\\Desktop\\React\\NamasteReact\\src\\feature\\CartSlice.js": {"path":"C:\\Users\\22ayo\\Desktop\\React\\NamasteReact\\src\\feature\\CartSlice.js","statementMap":{"0":{"start":{"line":2,"column":20},"end":{"line":21,"column":6}},"1":{"start":{"line":8,"column":16},"end":{"line":8,"column":49}},"2":{"start":{"line":11,"column":16},"end":{"line":11,"column":34}},"3":{"start":{"line":14,"column":16},"end":{"line":14,"column":37}},"4":{"start":{"line":22,"column":48},"end":{"line":22,"column":65}}},"fnMap":{"0":{"name":"(anonymous_0)","decl":{"start":{"line":7,"column":20},"end":{"line":7,"column":21}},"loc":{"start":{"line":7,"column":36},"end":{"line":9,"column":13}},"line":7},"1":{"name":"(anonymous_1)","decl":{"start":{"line":10,"column":23},"end":{"line":10,"column":24}},"loc":{"start":{"line":10,"column":32},"end":{"line":12,"column":13}},"line":10},"2":{"name":"(anonymous_2)","decl":{"start":{"line":13,"column":22},"end":{"line":13,"column":23}},"loc":{"start":{"line":13,"column":31},"end":{"line":17,"column":13}},"line":13}},"branchMap":{},"s":{"0":2,"1":0,"2":0,"3":0,"4":2},"f":{"0":0,"1":0,"2":0},"b":{},"_coverageSchema":"1a1c01bbd47fc00a2c39e90264f33305004495a9","hash":"3ca18e13172e169070feec8c2ede1b83c1eefc0e"}
,"C:\\Users\\22ayo\\Desktop\\React\\NamasteReact\\src\\feature\\appStore.js": {"path":"C:\\Users\\22ayo\\Desktop\\React\\NamasteReact\\src\\feature\\appStore.js","statementMap":{"0":{"start":{"line":4,"column":15},"end":{"line":12,"column":2}}},"fnMap":{},"branchMap":{},"s":{"0":1},"f":{},"b":{},"_coverageSchema":"1a1c01bbd47fc00a2c39e90264f33305004495a9","hash":"a5a76e03c57e804ddd174b673d95feae7b76ae3d"}
,"C:\\Users\\22ayo\\Desktop\\React\\NamasteReact\\src\\utils\\constansts.js": {"path":"C:\\Users\\22ayo\\Desktop\\React\\NamasteReact\\src\\utils\\constansts.js","statementMap":{"0":{"start":{"line":1,"column":22},"end":{"line":1,"column":79}},"1":{"start":{"line":2,"column":21},"end":{"line":2,"column":112}},"2":{"start":{"line":3,"column":21},"end":{"line":3,"column":151}},"3":{"start":{"line":4,"column":22},"end":{"line":4,"column":167}}},"fnMap":{},"branchMap":{},"s":{"0":2,"1":2,"2":2,"3":2},"f":{},"b":{},"_coverageSchema":"1a1c01bbd47fc00a2c39e90264f33305004495a9","hash":"d996917e3536cc08ce1ce5d7d7ccc225693eb608"}
,"C:\\Users\\22ayo\\Desktop\\React\\NamasteReact\\src\\utils\\useOnlineStatus.js": {"path":"C:\\Users\\22ayo\\Desktop\\React\\NamasteReact\\src\\utils\\useOnlineStatus.js","statementMap":{"0":{"start":{"line":2,"column":22},"end":{"line":20,"column":1}},"1":{"start":{"line":3,"column":40},"end":{"line":3,"column":54}},"2":{"start":{"line":4,"column":4},"end":{"line":14,"column":9}},"3":{"start":{"line":5,"column":8},"end":{"line":8,"column":10}},"4":{"start":{"line":6,"column":12},"end":{"line":6,"column":34}},"5":{"start":{"line":9,"column":8},"end":{"line":12,"column":10}},"6":{"start":{"line":10,"column":12},"end":{"line":10,"column":33}},"7":{"start":{"line":19,"column":4},"end":{"line":19,"column":24}}},"fnMap":{"0":{"name":"(anonymous_0)","decl":{"start":{"line":2,"column":22},"end":{"line":2,"column":23}},"loc":{"start":{"line":2,"column":26},"end":{"line":20,"column":1}},"line":2},"1":{"name":"(anonymous_1)","decl":{"start":{"line":4,"column":14},"end":{"line":4,"column":15}},"loc":{"start":{"line":4,"column":18},"end":{"line":14,"column":5}},"line":4},"2":{"name":"(anonymous_2)","decl":{"start":{"line":5,"column":42},"end":{"line":5,"column":43}},"loc":{"start":{"line":5,"column":46},"end":{"line":8,"column":9}},"line":5},"3":{"name":"(anonymous_3)","decl":{"start":{"line":9,"column":41},"end":{"line":9,"column":42}},"loc":{"start":{"line":9,"column":45},"end":{"line":12,"column":9}},"line":9}},"branchMap":{},"s":{"0":1,"1":4,"2":4,"3":3,"4":0,"5":3,"6":0,"7":4},"f":{"0":4,"1":3,"2":0,"3":0},"b":{},"_coverageSchema":"1a1c01bbd47fc00a2c39e90264f33305004495a9","hash":"ed80db46654589f6c8cbc3c811c124a88fbc9e00"}
,"C:\\Users\\22ayo\\Desktop\\React\\NamasteReact\\src\\utils\\userContext.js": {"path":"C:\\Users\\22ayo\\Desktop\\React\\NamasteReact\\src\\utils\\userContext.js","statementMap":{},"fnMap":{"0":{"name":"(anonymous_0)","decl":{"start":{"line":6,"column":15},"end":{"line":6,"column":16}},"loc":{"start":{"line":6,"column":21},"end":{"line":6,"column":23}},"line":6}},"branchMap":{},"s":{},"f":{"0":0},"b":{},"_coverageSchema":"1a1c01bbd47fc00a2c39e90264f33305004495a9","hash":"f05f86d83e73e2ba753437234dbc5f52adb974ad"}
}
