TN:
SF:src\compaonents\Contact.jsx
FN:1,(anonymous_0)
FNF:1
FNH:1
FNDA:4,(anonymous_0)
DA:1,1
DA:2,4
LF:2
LH:2
BRF:0
BRH:0
end_of_record
TN:
SF:src\compaonents\Header.jsx
FN:8,(anonymous_0)
FN:11,(anonymous_1)
FN:52,(anonymous_2)
FNF:3
FNH:3
FNDA:4,(anonymous_0)
FNDA:7,(anonymous_1)
FNDA:1,(anonymous_2)
DA:8,1
DA:9,4
DA:10,4
DA:11,7
DA:12,4
DA:14,4
DA:52,1
LF:7
LH:7
BRDA:22,0,0,4
BRDA:22,0,1,0
BRDA:52,1,0,1
BRDA:52,1,1,0
BRDA:60,2,0,4
BRDA:60,2,1,0
BRF:6
BRH:3
end_of_record
TN:
SF:src\compaonents\ItemList.jsx
FN:5,(anonymous_0)
FN:9,(anonymous_1)
FN:17,(anonymous_2)
FN:29,(anonymous_3)
FNF:4
FNH:0
FNDA:0,(anonymous_0)
FNDA:0,(anonymous_1)
FNDA:0,(anonymous_2)
FNDA:0,(anonymous_3)
DA:5,1
DA:6,0
DA:7,0
DA:9,0
DA:10,0
DA:15,0
DA:18,0
DA:29,0
LF:8
LH:1
BRDA:22,0,0,0
BRDA:22,0,1,0
BRDA:25,1,0,0
BRDA:25,1,1,0
BRF:4
BRH:0
end_of_record
TN:
SF:src\compaonents\RestaurantCategory.jsx
FN:5,(anonymous_0)
FN:7,(anonymous_1)
FNF:2
FNH:0
FNDA:0,(anonymous_0)
FNDA:0,(anonymous_1)
DA:5,1
DA:7,0
DA:9,0
DA:16,0
LF:4
LH:1
BRDA:23,0,0,0
BRDA:23,0,1,0
BRF:2
BRH:0
end_of_record
TN:
SF:src\compaonents\RestaurantContainer.jsx
FN:3,(anonymous_0)
FN:27,(anonymous_1)
FN:41,(anonymous_2)
FN:42,(anonymous_3)
FNF:4
FNH:1
FNDA:1,(anonymous_0)
FNDA:0,(anonymous_1)
FNDA:0,(anonymous_2)
FNDA:0,(anonymous_3)
DA:3,1
DA:4,1
DA:16,1
DA:19,1
DA:21,1
DA:28,0
DA:41,1
DA:42,0
DA:43,0
LF:9
LH:6
BRF:0
BRH:0
end_of_record
TN:
SF:src\compaonents\sum.js
FN:1,add
FNF:1
FNH:1
FNDA:1,add
DA:2,1
LF:1
LH:1
BRF:0
BRH:0
end_of_record
TN:
SF:src\feature\CartSlice.js
FN:7,(anonymous_0)
FN:10,(anonymous_1)
FN:13,(anonymous_2)
FNF:3
FNH:0
FNDA:0,(anonymous_0)
FNDA:0,(anonymous_1)
FNDA:0,(anonymous_2)
DA:2,2
DA:8,0
DA:11,0
DA:14,0
DA:22,2
LF:5
LH:2
BRF:0
BRH:0
end_of_record
TN:
SF:src\feature\appStore.js
FNF:0
FNH:0
DA:4,1
LF:1
LH:1
BRF:0
BRH:0
end_of_record
TN:
SF:src\utils\constansts.js
FNF:0
FNH:0
DA:1,2
DA:2,2
DA:3,2
DA:4,2
LF:4
LH:4
BRF:0
BRH:0
end_of_record
TN:
SF:src\utils\useOnlineStatus.js
FN:2,(anonymous_0)
FN:4,(anonymous_1)
FN:5,(anonymous_2)
FN:9,(anonymous_3)
FNF:4
FNH:2
FNDA:4,(anonymous_0)
FNDA:3,(anonymous_1)
FNDA:0,(anonymous_2)
FNDA:0,(anonymous_3)
DA:2,1
DA:3,4
DA:4,4
DA:5,3
DA:6,0
DA:9,3
DA:10,0
DA:19,4
LF:8
LH:6
BRF:0
BRH:0
end_of_record
TN:
SF:src\utils\userContext.js
FN:6,(anonymous_0)
FNF:1
FNH:0
FNDA:0,(anonymous_0)
LF:0
LH:0
BRF:0
BRH:0
end_of_record
